Jan 15, 2022 11:44:31 PM INFO: com.group_finity.mascot.config.ActionBuilder <init> Actions Finished Loading
Jan 15, 2022 11:44:31 PM INFO: com.group_finity.mascot.config.ActionBuilder <init> Read Start Operation(Action(ClimbAlongWall,Sequence,null))
Jan 15, 2022 11:44:31 PM INFO: com.group_finity.mascot.config.ActionRef <init> Read Action Reference(Action(ClimbWall))
Jan 15, 2022 11:44:31 PM INFO: com.group_finity.mascot.config.ActionRef <init> Read Action Reference(Action(Offset))
Jan 15, 2022 11:44:31 PM INFO: com.group_finity.mascot.config.ActionRef <init> Read Action Reference(Action(Look))
Jan 15, 2022 11:44:31 PM INFO: com.group_finity.mascot.config.ActionRef <init> Read Action Reference(Action(ClimbCeiling))
Jan 15, 2022 11:44:31 PM INFO: com.group_finity.mascot.config.ActionBuilder <init> Actions Finished Loading
Jan 15, 2022 11:44:31 PM INFO: com.group_finity.mascot.config.ActionBuilder <init> Read Start Operation(Action(ClimbAlongCeiling,Sequence,null))
Jan 15, 2022 11:44:31 PM INFO: com.group_finity.mascot.config.ActionRef <init> Read Action Reference(Action(ClimbCeiling))
Jan 15, 2022 11:44:31 PM INFO: com.group_finity.mascot.config.ActionBuilder <init> Actions Finished Loading
Jan 15, 2022 11:44:31 PM INFO: com.group_finity.mascot.config.ActionBuilder <init> Read Start Operation(Action(WalkAlongIECeiling,Sequence,null))
Jan 15, 2022 11:44:31 PM INFO: com.group_finity.mascot.config.ActionRef <init> Read Action Reference(Action(Walk))
Jan 15, 2022 11:44:31 PM INFO: com.group_finity.mascot.config.ActionBuilder <init> Actions Finished Loading
Jan 15, 2022 11:44:31 PM INFO: com.group_finity.mascot.config.ActionBuilder <init> Read Start Operation(Action(RunAlongIECeiling,Sequence,null))
Jan 15, 2022 11:44:31 PM INFO: com.group_finity.mascot.config.ActionRef <init> Read Action Reference(Action(Run))
Jan 15, 2022 11:44:31 PM INFO: com.group_finity.mascot.config.ActionBuilder <init> Actions Finished Loading
Jan 15, 2022 11:44:31 PM INFO: com.group_finity.mascot.config.ActionBuilder <init> Read Start Operation(Action(CrawlAlongIECeiling,Sequence,null))
Jan 15, 2022 11:44:31 PM INFO: com.group_finity.mascot.config.ActionRef <init> Read Action Reference(Action(Creep))
Jan 15, 2022 11:44:31 PM INFO: com.group_finity.mascot.config.ActionBuilder <init> Actions Finished Loading
Jan 15, 2022 11:44:31 PM INFO: com.group_finity.mascot.config.ActionBuilder <init> Read Start Operation(Action(SitOnTheLeftEdgeOfIE,Sequence,null))
Jan 15, 2022 11:44:31 PM INFO: com.group_finity.mascot.config.ActionRef <init> Read Action Reference(Action(Walk))
Jan 15, 2022 11:44:31 PM INFO: com.group_finity.mascot.config.ActionRef <init> Read Action Reference(Action(Stand))
Jan 15, 2022 11:44:31 PM INFO: com.group_finity.mascot.config.ActionRef <init> Read Action Reference(Action(Sit))
Jan 15, 2022 11:44:31 PM INFO: com.group_finity.mascot.config.ActionBuilder <init> Actions Finished Loading
Jan 15, 2022 11:44:31 PM INFO: com.group_finity.mascot.config.ActionBuilder <init> Read Start Operation(Action(SitOnTheRightEdgeOfIE,Sequence,null))
Jan 15, 2022 11:44:31 PM INFO: com.group_finity.mascot.config.ActionRef <init> Read Action Reference(Action(Walk))
Jan 15, 2022 11:44:31 PM INFO: com.group_finity.mascot.config.ActionRef <init> Read Action Reference(Action(Stand))
Jan 15, 2022 11:44:31 PM INFO: com.group_finity.mascot.config.ActionRef <init> Read Action Reference(Action(Sit))
Jan 15, 2022 11:44:31 PM INFO: com.group_finity.mascot.config.ActionBuilder <init> Actions Finished Loading
Jan 15, 2022 11:44:31 PM INFO: com.group_finity.mascot.config.ActionBuilder <init> Read Start Operation(Action(JumpFromLeftEdgeOfIE,Sequence,null))
Jan 15, 2022 11:44:31 PM INFO: com.group_finity.mascot.config.ActionRef <init> Read Action Reference(Action(Walk))
Jan 15, 2022 11:44:31 PM INFO: com.group_finity.mascot.config.ActionRef <init> Read Action Reference(Action(Stand))
Jan 15, 2022 11:44:31 PM INFO: com.group_finity.mascot.config.ActionRef <init> Read Action Reference(Action(Falling))
Jan 15, 2022 11:44:31 PM INFO: com.group_finity.mascot.config.ActionRef <init> Read Action Reference(Action(Bouncing))
Jan 15, 2022 11:44:31 PM INFO: com.group_finity.mascot.config.ActionBuilder <init> Actions Finished Loading
Jan 15, 2022 11:44:31 PM INFO: com.group_finity.mascot.config.ActionBuilder <init> Read Start Operation(Action(JumpFromRightEdgeOfIE,Sequence,null))
Jan 15, 2022 11:44:31 PM INFO: com.group_finity.mascot.config.ActionRef <init> Read Action Reference(Action(Walk))
Jan 15, 2022 11:44:31 PM INFO: com.group_finity.mascot.config.ActionRef <init> Read Action Reference(Action(Stand))
Jan 15, 2022 11:44:31 PM INFO: com.group_finity.mascot.config.ActionRef <init> Read Action Reference(Action(Falling))
Jan 15, 2022 11:44:31 PM INFO: com.group_finity.mascot.config.ActionRef <init> Read Action Reference(Action(Bouncing))
Jan 15, 2022 11:44:31 PM INFO: com.group_finity.mascot.config.ActionBuilder <init> Actions Finished Loading
Jan 15, 2022 11:44:31 PM INFO: com.group_finity.mascot.config.ActionBuilder <init> Read Start Operation(Action(WalkLeftAlongIEAndSit,Sequence,null))
Jan 15, 2022 11:44:31 PM INFO: com.group_finity.mascot.config.ActionRef <init> Read Action Reference(Action(Run))
Jan 15, 2022 11:44:31 PM INFO: com.group_finity.mascot.config.ActionRef <init> Read Action Reference(Action(Stand))
Jan 15, 2022 11:44:31 PM INFO: com.group_finity.mascot.config.ActionRef <init> Read Action Reference(Action(Sit))
Jan 15, 2022 11:44:31 PM INFO: com.group_finity.mascot.config.ActionBuilder <init> Actions Finished Loading
Jan 15, 2022 11:44:31 PM INFO: com.group_finity.mascot.config.ActionBuilder <init> Read Start Operation(Action(WalkRightAlongIEAndSit,Sequence,null))
Jan 15, 2022 11:44:31 PM INFO: com.group_finity.mascot.config.ActionRef <init> Read Action Reference(Action(Run))
Jan 15, 2022 11:44:31 PM INFO: com.group_finity.mascot.config.ActionRef <init> Read Action Reference(Action(Stand))
Jan 15, 2022 11:44:31 PM INFO: com.group_finity.mascot.config.ActionRef <init> Read Action Reference(Action(Sit))
Jan 15, 2022 11:44:31 PM INFO: com.group_finity.mascot.config.ActionBuilder <init> Actions Finished Loading
Jan 15, 2022 11:44:31 PM INFO: com.group_finity.mascot.config.ActionBuilder <init> Read Start Operation(Action(WalkLeftAlongIEAndJump,Sequence,null))
Jan 15, 2022 11:44:31 PM INFO: com.group_finity.mascot.config.ActionRef <init> Read Action Reference(Action(Run))
Jan 15, 2022 11:44:31 PM INFO: com.group_finity.mascot.config.ActionRef <init> Read Action Reference(Action(Falling))
Jan 15, 2022 11:44:31 PM INFO: com.group_finity.mascot.config.ActionRef <init> Read Action Reference(Action(Bouncing))
Jan 15, 2022 11:44:31 PM INFO: com.group_finity.mascot.config.ActionBuilder <init> Actions Finished Loading
Jan 15, 2022 11:44:31 PM INFO: com.group_finity.mascot.config.ActionBuilder <init> Read Start Operation(Action(WalkRightAlongIEAndJump,Sequence,null))
Jan 15, 2022 11:44:31 PM INFO: com.group_finity.mascot.config.ActionRef <init> Read Action Reference(Action(Run))
Jan 15, 2022 11:44:31 PM INFO: com.group_finity.mascot.config.ActionRef <init> Read Action Reference(Action(Falling))
Jan 15, 2022 11:44:31 PM INFO: com.group_finity.mascot.config.ActionRef <init> Read Action Reference(Action(Bouncing))
Jan 15, 2022 11:44:31 PM INFO: com.group_finity.mascot.config.ActionBuilder <init> Actions Finished Loading
Jan 15, 2022 11:44:31 PM INFO: com.group_finity.mascot.config.ActionBuilder <init> Read Start Operation(Action(DashIeCeilingLeftEdgeFromJump,Sequence,null))
Jan 15, 2022 11:44:31 PM INFO: com.group_finity.mascot.config.ActionRef <init> Read Action Reference(Action(Dash))
Jan 15, 2022 11:44:31 PM INFO: com.group_finity.mascot.config.ActionRef <init> Read Action Reference(Action(Falling))
Jan 15, 2022 11:44:31 PM INFO: com.group_finity.mascot.config.ActionRef <init> Read Action Reference(Action(Bouncing))
Jan 15, 2022 11:44:31 PM INFO: com.group_finity.mascot.config.ActionBuilder <init> Actions Finished Loading
Jan 15, 2022 11:44:31 PM INFO: com.group_finity.mascot.config.ActionBuilder <init> Read Start Operation(Action(DashIeCeilingRightEdgeFromJump,Sequence,null))
Jan 15, 2022 11:44:31 PM INFO: com.group_finity.mascot.config.ActionRef <init> Read Action Reference(Action(Dash))
Jan 15, 2022 11:44:31 PM INFO: com.group_finity.mascot.config.ActionRef <init> Read Action Reference(Action(Falling))
Jan 15, 2022 11:44:31 PM INFO: com.group_finity.mascot.config.ActionRef <init> Read Action Reference(Action(Bouncing))
Jan 15, 2022 11:44:31 PM INFO: com.group_finity.mascot.config.ActionBuilder <init> Actions Finished Loading
Jan 15, 2022 11:44:31 PM INFO: com.group_finity.mascot.config.ActionBuilder <init> Read Start Operation(Action(HoldOntoIEWall,Sequence,null))
Jan 15, 2022 11:44:31 PM INFO: com.group_finity.mascot.config.ActionRef <init> Read Action Reference(Action(ClimbWall))
Jan 15, 2022 11:44:31 PM INFO: com.group_finity.mascot.config.ActionBuilder <init> Actions Finished Loading
Jan 15, 2022 11:44:31 PM INFO: com.group_finity.mascot.config.ActionBuilder <init> Read Start Operation(Action(ClimbIEWall,Sequence,null))
Jan 15, 2022 11:44:31 PM INFO: com.group_finity.mascot.config.ActionRef <init> Read Action Reference(Action(ClimbWall))
Jan 15, 2022 11:44:31 PM INFO: com.group_finity.mascot.config.ActionRef <init> Read Action Reference(Action(Offset))
Jan 15, 2022 11:44:31 PM INFO: com.group_finity.mascot.config.ActionRef <init> Read Action Reference(Action(Sit))
Jan 15, 2022 11:44:31 PM INFO: com.group_finity.mascot.config.ActionRef <init> Read Action Reference(Action(Stand))
Jan 15, 2022 11:44:31 PM INFO: com.group_finity.mascot.config.ActionRef <init> Read Action Reference(Action(Walk))
Jan 15, 2022 11:44:31 PM INFO: com.group_finity.mascot.config.ActionBuilder <init> Actions Finished Loading
Jan 15, 2022 11:44:31 PM INFO: com.group_finity.mascot.config.ActionBuilder <init> Read Start Operation(Action(ClimbIEBottom,Sequence,null))
Jan 15, 2022 11:44:31 PM INFO: com.group_finity.mascot.config.ActionRef <init> Read Action Reference(Action(ClimbCeiling))
Jan 15, 2022 11:44:31 PM INFO: com.group_finity.mascot.config.ActionBuilder <init> Actions Finished Loading
Jan 15, 2022 11:44:31 PM INFO: com.group_finity.mascot.config.ActionBuilder <init> Read Start Operation(Action(GrabIEBottomLeftWall,Sequence,null))
Jan 15, 2022 11:44:31 PM INFO: com.group_finity.mascot.config.ActionRef <init> Read Action Reference(Action(ClimbCeiling))
Jan 15, 2022 11:44:31 PM INFO: com.group_finity.mascot.config.ActionRef <init> Read Action Reference(Action(Look))
Jan 15, 2022 11:44:31 PM INFO: com.group_finity.mascot.config.ActionRef <init> Read Action Reference(Action(ClimbWall))
Jan 15, 2022 11:44:31 PM INFO: com.group_finity.mascot.config.ActionBuilder <init> Actions Finished Loading
Jan 15, 2022 11:44:31 PM INFO: com.group_finity.mascot.config.ActionBuilder <init> Read Start Operation(Action(GrabIEBottomRightWall,Sequence,null))
Jan 15, 2022 11:44:31 PM INFO: com.group_finity.mascot.config.ActionRef <init> Read Action Reference(Action(ClimbCeiling))
Jan 15, 2022 11:44:31 PM INFO: com.group_finity.mascot.config.ActionRef <init> Read Action Reference(Action(Look))
Jan 15, 2022 11:44:31 PM INFO: com.group_finity.mascot.config.ActionRef <init> Read Action Reference(Action(ClimbWall))
Jan 15, 2022 11:44:31 PM INFO: com.group_finity.mascot.config.ActionBuilder <init> Actions Finished Loading
Jan 15, 2022 11:44:31 PM INFO: com.group_finity.mascot.config.ActionBuilder <init> Read Start Operation(Action(JumpFromLeftWall,Sequence,null))
Jan 15, 2022 11:44:31 PM INFO: com.group_finity.mascot.config.ActionRef <init> Read Action Reference(Action(Jumping))
Jan 15, 2022 11:44:31 PM INFO: com.group_finity.mascot.config.ActionRef <init> Read Action Reference(Action(GrabWall))
Jan 15, 2022 11:44:31 PM INFO: com.group_finity.mascot.config.ActionBuilder <init> Actions Finished Loading
Jan 15, 2022 11:44:31 PM INFO: com.group_finity.mascot.config.ActionBuilder <init> Read Start Operation(Action(JumpFromRightWall,Sequence,null))
Jan 15, 2022 11:44:31 PM INFO: com.group_finity.mascot.config.ActionRef <init> Read Action Reference(Action(Jumping))
Jan 15, 2022 11:44:31 PM INFO: com.group_finity.mascot.config.ActionRef <init> Read Action Reference(Action(GrabWall))
Jan 15, 2022 11:44:31 PM INFO: com.group_finity.mascot.config.ActionBuilder <init> Actions Finished Loading
Jan 15, 2022 11:44:31 PM INFO: com.group_finity.mascot.config.ActionBuilder <init> Read Start Operation(Action(JumpOnIELeftWall,Sequence,null))
Jan 15, 2022 11:44:31 PM INFO: com.group_finity.mascot.config.ActionRef <init> Read Action Reference(Action(Jumping))
Jan 15, 2022 11:44:31 PM INFO: com.group_finity.mascot.config.ActionRef <init> Read Action Reference(Action(GrabWall))
Jan 15, 2022 11:44:31 PM INFO: com.group_finity.mascot.config.ActionBuilder <init> Actions Finished Loading
Jan 15, 2022 11:44:31 PM INFO: com.group_finity.mascot.config.ActionBuilder <init> Read Start Operation(Action(JumpOnIERightWall,Sequence,null))
Jan 15, 2022 11:44:31 PM INFO: com.group_finity.mascot.config.ActionRef <init> Read Action Reference(Action(Jumping))
Jan 15, 2022 11:44:31 PM INFO: com.group_finity.mascot.config.ActionRef <init> Read Action Reference(Action(GrabWall))
Jan 15, 2022 11:44:31 PM INFO: com.group_finity.mascot.config.ActionBuilder <init> Actions Finished Loading
Jan 15, 2022 11:44:31 PM INFO: com.group_finity.mascot.config.ActionBuilder <init> Read Start Operation(Action(ThrowIEFromLeft,Sequence,null))
Jan 15, 2022 11:44:31 PM INFO: com.group_finity.mascot.config.ActionRef <init> Read Action Reference(Action(Jumping))
Jan 15, 2022 11:44:31 PM INFO: com.group_finity.mascot.config.ActionRef <init> Read Action Reference(Action(FallWithIe))
Jan 15, 2022 11:44:31 PM INFO: com.group_finity.mascot.config.ActionRef <init> Read Action Reference(Action(WalkWithIe))
Jan 15, 2022 11:44:31 PM INFO: com.group_finity.mascot.config.ActionRef <init> Read Action Reference(Action(ThrowIe))
Jan 15, 2022 11:44:31 PM INFO: com.group_finity.mascot.config.ActionRef <init> Read Action Reference(Action(Stand))
Jan 15, 2022 11:44:31 PM INFO: com.group_finity.mascot.config.ActionRef <init> Read Action Reference(Action(Look))
Jan 15, 2022 11:44:31 PM INFO: com.group_finity.mascot.config.ActionRef <init> Read Action Reference(Action(Stand))
Jan 15, 2022 11:44:31 PM INFO: com.group_finity.mascot.config.ActionBuilder <init> Actions Finished Loading
Jan 15, 2022 11:44:31 PM INFO: com.group_finity.mascot.config.ActionBuilder <init> Read Start Operation(Action(ThrowIEFromRight,Sequence,null))
Jan 15, 2022 11:44:31 PM INFO: com.group_finity.mascot.config.ActionRef <init> Read Action Reference(Action(Jumping))
Jan 15, 2022 11:44:31 PM INFO: com.group_finity.mascot.config.ActionRef <init> Read Action Reference(Action(FallWithIe))
Jan 15, 2022 11:44:31 PM INFO: com.group_finity.mascot.config.ActionRef <init> Read Action Reference(Action(WalkWithIe))
Jan 15, 2022 11:44:31 PM INFO: com.group_finity.mascot.config.ActionRef <init> Read Action Reference(Action(ThrowIe))
Jan 15, 2022 11:44:31 PM INFO: com.group_finity.mascot.config.ActionRef <init> Read Action Reference(Action(Stand))
Jan 15, 2022 11:44:31 PM INFO: com.group_finity.mascot.config.ActionRef <init> Read Action Reference(Action(Look))
Jan 15, 2022 11:44:31 PM INFO: com.group_finity.mascot.config.ActionRef <init> Read Action Reference(Action(Stand))
Jan 15, 2022 11:44:31 PM INFO: com.group_finity.mascot.config.ActionBuilder <init> Actions Finished Loading
Jan 15, 2022 11:44:31 PM INFO: com.group_finity.mascot.config.ActionBuilder <init> Read Start Operation(Action(WalkAndThrowIEFromRight,Sequence,null))
Jan 15, 2022 11:44:31 PM INFO: com.group_finity.mascot.config.ActionRef <init> Read Action Reference(Action(Jumping))
Jan 15, 2022 11:44:31 PM INFO: com.group_finity.mascot.config.ActionRef <init> Read Action Reference(Action(FallWithIe))
Jan 15, 2022 11:44:31 PM INFO: com.group_finity.mascot.config.ActionRef <init> Read Action Reference(Action(RunWithIe))
Jan 15, 2022 11:44:31 PM INFO: com.group_finity.mascot.config.ActionRef <init> Read Action Reference(Action(ThrowIe))
Jan 15, 2022 11:44:31 PM INFO: com.group_finity.mascot.config.ActionRef <init> Read Action Reference(Action(Stand))
Jan 15, 2022 11:44:31 PM INFO: com.group_finity.mascot.config.ActionRef <init> Read Action Reference(Action(Look))
Jan 15, 2022 11:44:31 PM INFO: com.group_finity.mascot.config.ActionRef <init> Read Action Reference(Action(Stand))
Jan 15, 2022 11:44:31 PM INFO: com.group_finity.mascot.config.ActionBuilder <init> Actions Finished Loading
Jan 15, 2022 11:44:31 PM INFO: com.group_finity.mascot.config.ActionBuilder <init> Read Start Operation(Action(WalkAndThrowIEFromLeft,Sequence,null))
Jan 15, 2022 11:44:31 PM INFO: com.group_finity.mascot.config.ActionRef <init> Read Action Reference(Action(Jumping))
Jan 15, 2022 11:44:31 PM INFO: com.group_finity.mascot.config.ActionRef <init> Read Action Reference(Action(FallWithIe))
Jan 15, 2022 11:44:31 PM INFO: com.group_finity.mascot.config.ActionRef <init> Read Action Reference(Action(RunWithIe))
Jan 15, 2022 11:44:31 PM INFO: com.group_finity.mascot.config.ActionRef <init> Read Action Reference(Action(ThrowIe))
Jan 15, 2022 11:44:31 PM INFO: com.group_finity.mascot.config.ActionRef <init> Read Action Reference(Action(Stand))
Jan 15, 2022 11:44:31 PM INFO: com.group_finity.mascot.config.ActionRef <init> Read Action Reference(Action(Look))
Jan 15, 2022 11:44:31 PM INFO: com.group_finity.mascot.config.ActionRef <init> Read Action Reference(Action(Stand))
Jan 15, 2022 11:44:31 PM INFO: com.group_finity.mascot.config.ActionBuilder <init> Actions Finished Loading
Jan 15, 2022 11:44:31 PM INFO: com.group_finity.mascot.config.ActionBuilder <init> Read Start Operation(Action(ChaseMouse,Sequence,null))
Jan 15, 2022 11:44:31 PM INFO: com.group_finity.mascot.config.ActionBuilder <init> Read Start Operation(Action(null,Sequence,null))
Jan 15, 2022 11:44:31 PM INFO: com.group_finity.mascot.config.ActionRef <init> Read Action Reference(Action(Offset))
Jan 15, 2022 11:44:31 PM INFO: com.group_finity.mascot.config.ActionRef <init> Read Action Reference(Action(Falling))
Jan 15, 2022 11:44:31 PM INFO: com.group_finity.mascot.config.ActionRef <init> Read Action Reference(Action(Bouncing))
Jan 15, 2022 11:44:31 PM INFO: com.group_finity.mascot.config.ActionBuilder <init> Actions Finished Loading
Jan 15, 2022 11:44:31 PM INFO: com.group_finity.mascot.config.ActionBuilder <init> Read Start Operation(Action(null,Sequence,null))
Jan 15, 2022 11:44:31 PM INFO: com.group_finity.mascot.config.ActionRef <init> Read Action Reference(Action(Offset))
Jan 15, 2022 11:44:31 PM INFO: com.group_finity.mascot.config.ActionRef <init> Read Action Reference(Action(Falling))
Jan 15, 2022 11:44:31 PM INFO: com.group_finity.mascot.config.ActionRef <init> Read Action Reference(Action(Bouncing))
Jan 15, 2022 11:44:31 PM INFO: com.group_finity.mascot.config.ActionBuilder <init> Actions Finished Loading
Jan 15, 2022 11:44:31 PM INFO: com.group_finity.mascot.config.ActionBuilder <init> Read Start Operation(Action(null,Sequence,null))
Jan 15, 2022 11:44:31 PM INFO: com.group_finity.mascot.config.ActionRef <init> Read Action Reference(Action(Offset))
Jan 15, 2022 11:44:31 PM INFO: com.group_finity.mascot.config.ActionRef <init> Read Action Reference(Action(Falling))
Jan 15, 2022 11:44:31 PM INFO: com.group_finity.mascot.config.ActionRef <init> Read Action Reference(Action(Bouncing))
Jan 15, 2022 11:44:31 PM INFO: com.group_finity.mascot.config.ActionBuilder <init> Actions Finished Loading
Jan 15, 2022 11:44:31 PM INFO: com.group_finity.mascot.config.ActionBuilder <init> Read Start Operation(Action(null,Select,null))
Jan 15, 2022 11:44:31 PM INFO: com.group_finity.mascot.config.ActionRef <init> Read Action Reference(Action(DashIeCeilingLeftEdgeFromJump))
Jan 15, 2022 11:44:31 PM INFO: com.group_finity.mascot.config.ActionRef <init> Read Action Reference(Action(DashIeCeilingRightEdgeFromJump))
Jan 15, 2022 11:44:31 PM INFO: com.group_finity.mascot.config.ActionBuilder <init> Actions Finished Loading
Jan 15, 2022 11:44:31 PM INFO: com.group_finity.mascot.config.ActionRef <init> Read Action Reference(Action(Dash))
Jan 15, 2022 11:44:31 PM INFO: com.group_finity.mascot.config.ActionRef <init> Read Action Reference(Action(Tripping))
Jan 15, 2022 11:44:31 PM INFO: com.group_finity.mascot.config.ActionRef <init> Read Action Reference(Action(Dash))
Jan 15, 2022 11:44:31 PM INFO: com.group_finity.mascot.config.ActionRef <init> Read Action Reference(Action(Tripping))
Jan 15, 2022 11:44:31 PM INFO: com.group_finity.mascot.config.ActionRef <init> Read Action Reference(Action(Dash))
Jan 15, 2022 11:44:31 PM INFO: com.group_finity.mascot.config.ActionRef <init> Read Action Reference(Action(Look))
Jan 15, 2022 11:44:31 PM INFO: com.group_finity.mascot.config.ActionBuilder <init> Actions Finished Loading
Jan 15, 2022 11:44:31 PM INFO: com.group_finity.mascot.config.ActionBuilder <init> Read Start Operation(Action(SitAndFaceMouse,Sequence,null))
Jan 15, 2022 11:44:31 PM INFO: com.group_finity.mascot.config.ActionRef <init> Read Action Reference(Action(SitAndLookAtMouse))
Jan 15, 2022 11:44:31 PM INFO: com.group_finity.mascot.config.ActionRef <init> Read Action Reference(Action(Look))
Jan 15, 2022 11:44:31 PM INFO: com.group_finity.mascot.config.ActionRef <init> Read Action Reference(Action(SitAndLookAtMouse))
Jan 15, 2022 11:44:31 PM INFO: com.group_finity.mascot.config.ActionRef <init> Read Action Reference(Action(Look))
Jan 15, 2022 11:44:31 PM INFO: com.group_finity.mascot.config.ActionRef <init> Read Action Reference(Action(SitAndLookAtMouse))
Jan 15, 2022 11:44:31 PM INFO: com.group_finity.mascot.config.ActionRef <init> Read Action Reference(Action(Look))
Jan 15, 2022 11:44:31 PM INFO: com.group_finity.mascot.config.ActionRef <init> Read Action Reference(Action(SitAndLookAtMouse))
Jan 15, 2022 11:44:31 PM INFO: com.group_finity.mascot.config.ActionRef <init> Read Action Reference(Action(Look))
Jan 15, 2022 11:44:31 PM INFO: com.group_finity.mascot.config.ActionRef <init> Read Action Reference(Action(SitAndLookAtMouse))
Jan 15, 2022 11:44:31 PM INFO: com.group_finity.mascot.config.ActionRef <init> Read Action Reference(Action(Look))
Jan 15, 2022 11:44:31 PM INFO: com.group_finity.mascot.config.ActionRef <init> Read Action Reference(Action(SitAndLookAtMouse))
Jan 15, 2022 11:44:31 PM INFO: com.group_finity.mascot.config.ActionRef <init> Read Action Reference(Action(Look))
Jan 15, 2022 11:44:31 PM INFO: com.group_finity.mascot.config.ActionRef <init> Read Action Reference(Action(SitAndLookAtMouse))
Jan 15, 2022 11:44:31 PM INFO: com.group_finity.mascot.config.ActionRef <init> Read Action Reference(Action(Look))
Jan 15, 2022 11:44:31 PM INFO: com.group_finity.mascot.config.ActionRef <init> Read Action Reference(Action(SitAndLookAtMouse))
Jan 15, 2022 11:44:31 PM INFO: com.group_finity.mascot.config.ActionRef <init> Read Action Reference(Action(Look))
Jan 15, 2022 11:44:31 PM INFO: com.group_finity.mascot.config.ActionRef <init> Read Action Reference(Action(SitAndLookAtMouse))
Jan 15, 2022 11:44:31 PM INFO: com.group_finity.mascot.config.ActionRef <init> Read Action Reference(Action(Look))
Jan 15, 2022 11:44:31 PM INFO: com.group_finity.mascot.config.ActionRef <init> Read Action Reference(Action(SitAndLookAtMouse))
Jan 15, 2022 11:44:31 PM INFO: com.group_finity.mascot.config.ActionRef <init> Read Action Reference(Action(Look))
Jan 15, 2022 11:44:31 PM INFO: com.group_finity.mascot.config.ActionBuilder <init> Actions Finished Loading
Jan 15, 2022 11:44:31 PM INFO: com.group_finity.mascot.config.ActionBuilder <init> Read Start Operation(Action(SitAndSpinHead,Sequence,null))
Jan 15, 2022 11:44:31 PM INFO: com.group_finity.mascot.config.ActionRef <init> Read Action Reference(Action(SitAndSpinHeadAction))
Jan 15, 2022 11:44:31 PM INFO: com.group_finity.mascot.config.ActionBuilder <init> Actions Finished Loading
Jan 15, 2022 11:44:31 PM INFO: com.group_finity.mascot.config.ActionBuilder <init> Read Start Operation(Action(PullUpShimeji1,Embedded,com.group_finity.mascot.action.Breed))
Jan 15, 2022 11:44:31 PM INFO: com.group_finity.mascot.config.AnimationBuilder <init> Start Reading Animations
Jan 15, 2022 11:44:31 PM INFO: com.group_finity.mascot.config.AnimationBuilder loadPose ReadPosition(Pose (com.group_finity.mascot.image.ImagePair@1ba9117e,0,0,16, null))
Jan 15, 2022 11:44:31 PM INFO: com.group_finity.mascot.config.AnimationBuilder loadPose ReadPosition(Pose (com.group_finity.mascot.image.ImagePair@16610890,0,0,4, null))
Jan 15, 2022 11:44:31 PM INFO: com.group_finity.mascot.config.AnimationBuilder loadPose ReadPosition(Pose (com.group_finity.mascot.image.ImagePair@4d465b11,0,0,40, null))
Jan 15, 2022 11:44:31 PM INFO: com.group_finity.mascot.config.AnimationBuilder loadPose ReadPosition(Pose (com.group_finity.mascot.image.ImagePair@32ee6fee,0,0,40, null))
Jan 15, 2022 11:44:31 PM INFO: com.group_finity.mascot.config.AnimationBuilder loadPose ReadPosition(Pose (com.group_finity.mascot.image.ImagePair@3232a28a,0,0,40, null))
Jan 15, 2022 11:44:31 PM INFO: com.group_finity.mascot.config.AnimationBuilder <init> Animations Finished Loading
Jan 15, 2022 11:44:31 PM INFO: com.group_finity.mascot.config.ActionBuilder <init> Actions Finished Loading
Jan 15, 2022 11:44:31 PM INFO: com.group_finity.mascot.config.ActionBuilder <init> Read Start Operation(Action(PullUpShimeji2,Animate,null))
Jan 15, 2022 11:44:31 PM INFO: com.group_finity.mascot.config.AnimationBuilder <init> Start Reading Animations
Jan 15, 2022 11:44:31 PM INFO: com.group_finity.mascot.config.AnimationBuilder loadPose ReadPosition(Pose (com.group_finity.mascot.image.ImagePair@581ac8a8,20,-20,1, null))
Jan 15, 2022 11:44:31 PM INFO: com.group_finity.mascot.config.AnimationBuilder loadPose ReadPosition(Pose (com.group_finity.mascot.image.ImagePair@581ac8a8,20,-10,1, null))
Jan 15, 2022 11:44:31 PM INFO: com.group_finity.mascot.config.AnimationBuilder loadPose ReadPosition(Pose (com.group_finity.mascot.image.ImagePair@581ac8a8,20,-5,1, null))
Jan 15, 2022 11:44:31 PM INFO: com.group_finity.mascot.config.AnimationBuilder <init> Animations Finished Loading
Jan 15, 2022 11:44:31 PM INFO: com.group_finity.mascot.config.ActionBuilder <init> Actions Finished Loading
Jan 15, 2022 11:44:31 PM INFO: com.group_finity.mascot.config.ActionBuilder <init> Read Start Operation(Action(PullUpShimeji,Sequence,null))
Jan 15, 2022 11:44:31 PM INFO: com.group_finity.mascot.config.ActionRef <init> Read Action Reference(Action(PullUpShimeji1))
Jan 15, 2022 11:44:31 PM INFO: com.group_finity.mascot.config.ActionRef <init> Read Action Reference(Action(PullUpShimeji2))
Jan 15, 2022 11:44:31 PM INFO: com.group_finity.mascot.config.ActionRef <init> Read Action Reference(Action(Falling))
Jan 15, 2022 11:44:31 PM INFO: com.group_finity.mascot.config.ActionRef <init> Read Action Reference(Action(Bouncing))
Jan 15, 2022 11:44:31 PM INFO: com.group_finity.mascot.config.ActionRef <init> Read Action Reference(Action(Sprawl))
Jan 15, 2022 11:44:31 PM INFO: com.group_finity.mascot.config.ActionBuilder <init> Actions Finished Loading
Jan 15, 2022 11:44:31 PM INFO: com.group_finity.mascot.config.ActionBuilder <init> Read Start Operation(Action(PullUp,Sequence,null))
Jan 15, 2022 11:44:31 PM INFO: com.group_finity.mascot.config.ActionRef <init> Read Action Reference(Action(Falling))
Jan 15, 2022 11:44:31 PM INFO: com.group_finity.mascot.config.ActionRef <init> Read Action Reference(Action(Bouncing))
Jan 15, 2022 11:44:31 PM INFO: com.group_finity.mascot.config.ActionBuilder <init> Actions Finished Loading
Jan 15, 2022 11:44:31 PM INFO: com.group_finity.mascot.config.ActionBuilder <init> Read Start Operation(Action(Divide1,Embedded,com.group_finity.mascot.action.Breed))
Jan 15, 2022 11:44:31 PM INFO: com.group_finity.mascot.config.AnimationBuilder <init> Start Reading Animations
Jan 15, 2022 11:44:31 PM INFO: com.group_finity.mascot.config.AnimationBuilder loadPose ReadPosition(Pose (com.group_finity.mascot.image.ImagePair@28f2a10f,0,0,5, null))
Jan 15, 2022 11:44:31 PM INFO: com.group_finity.mascot.config.AnimationBuilder loadPose ReadPosition(Pose (com.group_finity.mascot.image.ImagePair@7fee8714,0,0,2, null))
Jan 15, 2022 11:44:31 PM INFO: com.group_finity.mascot.config.AnimationBuilder loadPose ReadPosition(Pose (com.group_finity.mascot.image.ImagePair@2b91004a,0,0,2, null))
Jan 15, 2022 11:44:31 PM INFO: com.group_finity.mascot.config.AnimationBuilder loadPose ReadPosition(Pose (com.group_finity.mascot.image.ImagePair@169e6180,0,0,5, null))
Jan 15, 2022 11:44:31 PM INFO: com.group_finity.mascot.config.AnimationBuilder loadPose ReadPosition(Pose (com.group_finity.mascot.image.ImagePair@47987356,0,0,20, null))
Jan 15, 2022 11:44:31 PM INFO: com.group_finity.mascot.config.AnimationBuilder <init> Animations Finished Loading
Jan 15, 2022 11:44:31 PM INFO: com.group_finity.mascot.config.ActionBuilder <init> Actions Finished Loading
Jan 15, 2022 11:44:31 PM INFO: com.group_finity.mascot.config.ActionBuilder <init> Read Start Operation(Action(SplitIntoTwo,Sequence,null))
Jan 15, 2022 11:44:31 PM INFO: com.group_finity.mascot.config.ActionRef <init> Read Action Reference(Action(Divide1))
Jan 15, 2022 11:44:31 PM INFO: com.group_finity.mascot.config.ActionRef <init> Read Action Reference(Action(Offset))
Jan 15, 2022 11:44:31 PM INFO: com.group_finity.mascot.config.ActionRef <init> Read Action Reference(Action(Look))
Jan 15, 2022 11:44:31 PM INFO: com.group_finity.mascot.config.ActionRef <init> Read Action Reference(Action(Divided))
Jan 15, 2022 11:44:31 PM INFO: com.group_finity.mascot.config.ActionBuilder <init> Actions Finished Loading
Jan 15, 2022 11:44:31 PM INFO: com.group_finity.mascot.config.ActionBuilder <init> Read Start Operation(Action(Divided,Sequence,null))
Jan 15, 2022 11:44:31 PM INFO: com.group_finity.mascot.config.ActionRef <init> Read Action Reference(Action(Falling))
Jan 15, 2022 11:44:31 PM INFO: com.group_finity.mascot.config.ActionRef <init> Read Action Reference(Action(Bouncing))
Jan 15, 2022 11:44:31 PM INFO: com.group_finity.mascot.config.ActionBuilder <init> Actions Finished Loading
Jan 15, 2022 11:44:31 PM INFO: com.group_finity.mascot.config.Configuration load Behavior List
Jan 15, 2022 11:44:31 PM INFO: com.group_finity.mascot.Main loadConfiguration Shimeji Read Behavior File (./conf/behaviors.xml)
Jan 15, 2022 11:44:31 PM INFO: com.group_finity.mascot.config.Configuration load Start Reading Configuration File...
Jan 15, 2022 11:44:31 PM INFO: com.group_finity.mascot.config.Configuration load Behavior List...
Jan 15, 2022 11:44:31 PM INFO: com.group_finity.mascot.config.BehaviorBuilder <init> Start Reading(Behavior(ChaseMouse,0,ChaseMouse))
Jan 15, 2022 11:44:31 PM INFO: com.group_finity.mascot.config.BehaviorBuilder <init> Behaviors have finished loading(Behavior(ChaseMouse,0,ChaseMouse))
Jan 15, 2022 11:44:31 PM INFO: com.group_finity.mascot.config.BehaviorBuilder <init> Start Reading(Behavior(SitAndFaceMouse,0,SitAndFaceMouse))
Jan 15, 2022 11:44:31 PM INFO: com.group_finity.mascot.config.BehaviorBuilder <init> Behaviors have finished loading(Behavior(SitAndFaceMouse,0,SitAndFaceMouse))
Jan 15, 2022 11:44:31 PM INFO: com.group_finity.mascot.config.BehaviorBuilder <init> Start Reading(Behavior(SitAndSpinHead,0,SitAndSpinHead))
Jan 15, 2022 11:44:31 PM INFO: com.group_finity.mascot.config.BehaviorBuilder <init> Behaviors have finished loading(Behavior(SitAndSpinHead,0,SitAndSpinHead))
Jan 15, 2022 11:44:31 PM INFO: com.group_finity.mascot.config.BehaviorBuilder <init> Start Reading(Behavior(Fall,0,Fall))
Jan 15, 2022 11:44:31 PM INFO: com.group_finity.mascot.config.BehaviorBuilder <init> Behaviors have finished loading(Behavior(Fall,0,Fall))
Jan 15, 2022 11:44:31 PM INFO: com.group_finity.mascot.config.BehaviorBuilder <init> Start Reading(Behavior(Dragged,0,Dragged))
Jan 15, 2022 11:44:31 PM INFO: com.group_finity.mascot.config.BehaviorBuilder <init> Behaviors have finished loading(Behavior(Dragged,0,Dragged))
Jan 15, 2022 11:44:31 PM INFO: com.group_finity.mascot.config.BehaviorBuilder <init> Start Reading(Behavior(Thrown,0,Thrown))
Jan 15, 2022 11:44:31 PM INFO: com.group_finity.mascot.config.BehaviorBuilder <init> Behaviors have finished loading(Behavior(Thrown,0,Thrown))
Jan 15, 2022 11:44:31 PM INFO: com.group_finity.mascot.config.BehaviorBuilder <init> Start Reading(Behavior(PullUp,0,PullUp))
Jan 15, 2022 11:44:31 PM INFO: com.group_finity.mascot.config.BehaviorBuilder <init> Behaviors have finished loading(Behavior(PullUp,0,PullUp))
Jan 15, 2022 11:44:31 PM INFO: com.group_finity.mascot.config.BehaviorBuilder <init> Start Reading(Behavior(Divided,0,Divided))
Jan 15, 2022 11:44:31 PM INFO: com.group_finity.mascot.config.BehaviorBuilder <init> Behaviors have finished loading(Behavior(Divided,0,Divided))
Jan 15, 2022 11:44:31 PM INFO: com.group_finity.mascot.config.BehaviorBuilder <init> Start Reading(Behavior(StandUp,200,StandUp))
Jan 15, 2022 11:44:31 PM INFO: com.group_finity.mascot.config.BehaviorBuilder <init> Behaviors have finished loading(Behavior(StandUp,200,StandUp))
Jan 15, 2022 11:44:31 PM INFO: com.group_finity.mascot.config.BehaviorBuilder <init> Start Reading(Behavior(SitDown,200,SitDown))
Jan 15, 2022 11:44:31 PM INFO: com.group_finity.mascot.config.BehaviorBuilder <init> Behaviors have finished loading(Behavior(SitDown,200,SitDown))
Jan 15, 2022 11:44:31 PM INFO: com.group_finity.mascot.config.BehaviorBuilder <init> Start Reading(Behavior(SitWhileDanglingLegs,0,SitWhileDanglingLegs))
Jan 15, 2022 11:44:31 PM INFO: com.group_finity.mascot.config.BehaviorBuilder <init> Behaviors have finished loading(Behavior(SitWhileDanglingLegs,0,SitWhileDanglingLegs))
Jan 15, 2022 11:44:31 PM INFO: com.group_finity.mascot.config.BehaviorBuilder <init> Start Reading(Behavior(LieDown,0,LieDown))
Jan 15, 2022 11:44:31 PM INFO: com.group_finity.mascot.config.BehaviorBuilder <init> Behaviors have finished loading(Behavior(LieDown,0,LieDown))
Jan 15, 2022 11:44:31 PM INFO: com.group_finity.mascot.config.BehaviorBuilder <init> Start Reading(Behavior(SplitIntoTwo,50,SplitIntoTwo))
Jan 15, 2022 11:44:31 PM INFO: com.group_finity.mascot.config.BehaviorBuilder <init> Behaviors have finished loading(Behavior(SplitIntoTwo,50,SplitIntoTwo))
Jan 15, 2022 11:44:31 PM INFO: com.group_finity.mascot.config.BehaviorBuilder <init> Start Reading(Behavior(HoldOntoWall,100,HoldOntoWall))
Jan 15, 2022 11:44:31 PM INFO: com.group_finity.mascot.config.BehaviorBuilder <init> Behaviors have finished loading(Behavior(HoldOntoWall,100,HoldOntoWall))
Jan 15, 2022 11:44:31 PM INFO: com.group_finity.mascot.config.BehaviorBuilder <init> Start Reading(Behavior(FallFromWall,50,FallFromWall))
Jan 15, 2022 11:44:31 PM INFO: com.group_finity.mascot.config.BehaviorBuilder <init> Behaviors have finished loading(Behavior(FallFromWall,50,FallFromWall))
Jan 15, 2022 11:44:31 PM INFO: com.group_finity.mascot.config.BehaviorBuilder <init> Start Reading(Behavior(HoldOntoCeiling,100,HoldOntoCeiling))
Jan 15, 2022 11:44:31 PM INFO: com.group_finity.mascot.config.BehaviorBuilder <init> Behaviors have finished loading(Behavior(HoldOntoCeiling,100,HoldOntoCeiling))
Jan 15, 2022 11:44:31 PM INFO: com.group_finity.mascot.config.BehaviorBuilder <init> Start Reading(Behavior(FallFromCeiling,50,FallFromCeiling))
Jan 15, 2022 11:44:31 PM INFO: com.group_finity.mascot.config.BehaviorBuilder <init> Behaviors have finished loading(Behavior(FallFromCeiling,50,FallFromCeiling))
Jan 15, 2022 11:44:31 PM INFO: com.group_finity.mascot.config.BehaviorBuilder <init> Start Reading(Behavior(WalkAlongWorkAreaFloor,100,WalkAlongWorkAreaFloor))
Jan 15, 2022 11:44:31 PM INFO: com.group_finity.mascot.config.BehaviorBuilder <init> Behaviors have finished loading(Behavior(WalkAlongWorkAreaFloor,100,WalkAlongWorkAreaFloor))
Jan 15, 2022 11:44:31 PM INFO: com.group_finity.mascot.config.BehaviorBuilder <init> Start Reading(Behavior(RunAlongWorkAreaFloor,100,RunAlongWorkAreaFloor))
Jan 15, 2022 11:44:31 PM INFO: com.group_finity.mascot.config.BehaviorBuilder <init> Behaviors have finished loading(Behavior(RunAlongWorkAreaFloor,100,RunAlongWorkAreaFloor))
Jan 15, 2022 11:44:31 PM INFO: com.group_finity.mascot.config.BehaviorBuilder <init> Start Reading(Behavior(CrawlAlongWorkAreaFloor,10,CrawlAlongWorkAreaFloor))
Jan 15, 2022 11:44:31 PM INFO: com.group_finity.mascot.config.BehaviorBuilder <init> Behaviors have finished loading(Behavior(CrawlAlongWorkAreaFloor,10,CrawlAlongWorkAreaFloor))
Jan 15, 2022 11:44:31 PM INFO: com.group_finity.mascot.config.BehaviorBuilder <init> Start Reading(Behavior(WalkLeftAlongFloorAndSit,100,WalkLeftAlongFloorAndSit))
Jan 15, 2022 11:44:31 PM INFO: com.group_finity.mascot.config.BehaviorBuilder <init> Behaviors have finished loading(Behavior(WalkLeftAlongFloorAndSit,100,WalkLeftAlongFloorAndSit))
Jan 15, 2022 11:44:31 PM INFO: com.group_finity.mascot.config.BehaviorBuilder <init> Start Reading(Behavior(WalkRightAlongFloorAndSit,100,WalkRightAlongFloorAndSit))
Jan 15, 2022 11:44:31 PM INFO: com.group_finity.mascot.config.BehaviorBuilder <init> Behaviors have finished loading(Behavior(WalkRightAlongFloorAndSit,100,WalkRightAlongFloorAndSit))
Jan 15, 2022 11:44:31 PM INFO: com.group_finity.mascot.config.BehaviorBuilder <init> Start Reading(Behavior(GrabWorkAreaBottomLeftWall,100,GrabWorkAreaBottomLeftWall))
Jan 15, 2022 11:44:31 PM INFO: com.group_finity.mascot.config.BehaviorBuilder <init> Behaviors have finished loading(Behavior(GrabWorkAreaBottomLeftWall,100,GrabWorkAreaBottomLeftWall))
Jan 15, 2022 11:44:31 PM INFO: com.group_finity.mascot.config.BehaviorBuilder <init> Start Reading(Behavior(GrabWorkAreaBottomRightWall,100,GrabWorkAreaBottomRightWall))
Jan 15, 2022 11:44:31 PM INFO: com.group_finity.mascot.config.BehaviorBuilder <init> Behaviors have finished loading(Behavior(GrabWorkAreaBottomRightWall,100,GrabWorkAreaBottomRightWall))
Jan 15, 2022 11:44:31 PM INFO: com.group_finity.mascot.config.BehaviorBuilder <init> Start Reading(Behavior(WalkLeftAndSit,100,WalkLeftAndSit))
Jan 15, 2022 11:44:31 PM INFO: com.group_finity.mascot.config.BehaviorBuilder <init> Behaviors have finished loading(Behavior(WalkLeftAndSit,100,WalkLeftAndSit))
Jan 15, 2022 11:44:31 PM INFO: com.group_finity.mascot.config.BehaviorBuilder <init> Start Reading(Behavior(WalkRightAndSit,100,WalkRightAndSit))
Jan 15, 2022 11:44:31 PM INFO: com.group_finity.mascot.config.BehaviorBuilder <init> Behaviors have finished loading(Behavior(WalkRightAndSit,100,WalkRightAndSit))
Jan 15, 2022 11:44:31 PM INFO: com.group_finity.mascot.config.BehaviorBuilder <init> Start Reading(Behavior(WalkAndGrabBottomLeftWall,100,WalkAndGrabBottomLeftWall))
Jan 15, 2022 11:44:31 PM INFO: com.group_finity.mascot.config.BehaviorBuilder <init> Behaviors have finished loading(Behavior(WalkAndGrabBottomLeftWall,100,WalkAndGrabBottomLeftWall))
Jan 15, 2022 11:44:31 PM INFO: com.group_finity.mascot.config.BehaviorBuilder <init> Start Reading(Behavior(WalkAndGrabBottomRightWall,100,WalkAndGrabBottomRightWall))
Jan 15, 2022 11:44:31 PM INFO: com.group_finity.mascot.config.BehaviorBuilder <init> Behaviors have finished loading(Behavior(WalkAndGrabBottomRightWall,100,WalkAndGrabBottomRightWall))
Jan 15, 2022 11:44:31 PM INFO: com.group_finity.mascot.config.BehaviorBuilder <init> Start Reading(Behavior(JumpFromBottomOfIE,50,JumpFromBottomOfIE))
Jan 15, 2022 11:44:31 PM INFO: com.group_finity.mascot.config.BehaviorBuilder <init> Behaviors have finished loading(Behavior(JumpFromBottomOfIE,50,JumpFromBottomOfIE))
Jan 15, 2022 11:44:31 PM INFO: com.group_finity.mascot.config.BehaviorBuilder <init> Start Reading(Behavior(PullUpShimeji,50,PullUpShimeji))
Jan 15, 2022 11:44:31 PM INFO: com.group_finity.mascot.config.BehaviorBuilder <init> Behaviors have finished loading(Behavior(PullUpShimeji,50,PullUpShimeji))
Jan 15, 2022 11:44:31 PM INFO: com.group_finity.mascot.config.BehaviorBuilder <init> Start Reading(Behavior(ClimbHalfwayAlongWall,100,ClimbHalfwayAlongWall))
Jan 15, 2022 11:44:31 PM INFO: com.group_finity.mascot.config.BehaviorBuilder <init> Behaviors have finished loading(Behavior(ClimbHalfwayAlongWall,100,ClimbHalfwayAlongWall))
Jan 15, 2022 11:44:31 PM INFO: com.group_finity.mascot.config.BehaviorBuilder <init> Start Reading(Behavior(ClimbAlongWall,100,ClimbAlongWall))
Jan 15, 2022 11:44:31 PM INFO: com.group_finity.mascot.config.BehaviorBuilder <init> Behaviors have finished loading(Behavior(ClimbAlongWall,100,ClimbAlongWall))
Jan 15, 2022 11:44:31 PM INFO: com.group_finity.mascot.config.BehaviorBuilder <init> Start Reading(Behavior(ClimbAlongCeiling,100,ClimbAlongCeiling))
Jan 15, 2022 11:44:31 PM INFO: com.group_finity.mascot.config.BehaviorBuilder <init> Behaviors have finished loading(Behavior(ClimbAlongCeiling,100,ClimbAlongCeiling))
Jan 15, 2022 11:44:31 PM INFO: com.group_finity.mascot.config.BehaviorBuilder <init> Start Reading(Behavior(WalkAlongIECeiling,100,WalkAlongIECeiling))
Jan 15, 2022 11:44:31 PM INFO: com.group_finity.mascot.config.BehaviorBuilder <init> Behaviors have finished loading(Behavior(WalkAlongIECeiling,100,WalkAlongIECeiling))
Jan 15, 2022 11:44:31 PM INFO: com.group_finity.mascot.config.BehaviorBuilder <init> Start Reading(Behavior(RunAlongIECeiling,100,RunAlongIECeiling))
Jan 15, 2022 11:44:31 PM INFO: com.group_finity.mascot.config.BehaviorBuilder <init> Behaviors have finished loading(Behavior(RunAlongIECeiling,100,RunAlongIECeiling))
Jan 15, 2022 11:44:31 PM INFO: com.group_finity.mascot.config.BehaviorBuilder <init> Start Reading(Behavior(CrawlAlongIECeiling,10,CrawlAlongIECeiling))
Jan 15, 2022 11:44:31 PM INFO: com.group_finity.mascot.config.BehaviorBuilder <init> Behaviors have finished loading(Behavior(CrawlAlongIECeiling,10,CrawlAlongIECeiling))
Jan 15, 2022 11:44:31 PM INFO: com.group_finity.mascot.config.BehaviorBuilder <init> Start Reading(Behavior(SitOnTheLeftEdgeOfIE,100,SitOnTheLeftEdgeOfIE))
Jan 15, 2022 11:44:31 PM INFO: com.group_finity.mascot.config.BehaviorBuilder <init> Behaviors have finished loading(Behavior(SitOnTheLeftEdgeOfIE,100,SitOnTheLeftEdgeOfIE))
Jan 15, 2022 11:44:31 PM INFO: com.group_finity.mascot.config.BehaviorBuilder <init> Start Reading(Behavior(SitOnTheRightEdgeOfIE,100,SitOnTheRightEdgeOfIE))
Jan 15, 2022 11:44:31 PM INFO: com.group_finity.mascot.config.BehaviorBuilder <init> Behaviors have finished loading(Behavior(SitOnTheRightEdgeOfIE,100,SitOnTheRightEdgeOfIE))
Jan 15, 2022 11:44:31 PM INFO: com.group_finity.mascot.config.BehaviorBuilder <init> Start Reading(Behavior(JumpFromLeftEdgeOfIE,100,JumpFromLeftEdgeOfIE))
Jan 15, 2022 11:44:31 PM INFO: com.group_finity.mascot.config.BehaviorBuilder <init> Behaviors have finished loading(Behavior(JumpFromLeftEdgeOfIE,100,JumpFromLeftEdgeOfIE))
Jan 15, 2022 11:44:31 PM INFO: com.group_finity.mascot.config.BehaviorBuilder <init> Start Reading(Behavior(JumpFromRightEdgeOfIE,100,JumpFromRightEdgeOfIE))
Jan 15, 2022 11:44:31 PM INFO: com.group_finity.mascot.config.BehaviorBuilder <init> Behaviors have finished loading(Behavior(JumpFromRightEdgeOfIE,100,JumpFromRightEdgeOfIE))
Jan 15, 2022 11:44:31 PM INFO: com.group_finity.mascot.config.BehaviorBuilder <init> Start Reading(Behavior(WalkLeftAlongIEAndSit,100,WalkLeftAlongIEAndSit))
Jan 15, 2022 11:44:31 PM INFO: com.group_finity.mascot.config.BehaviorBuilder <init> Behaviors have finished loading(Behavior(WalkLeftAlongIEAndSit,100,WalkLeftAlongIEAndSit))
Jan 15, 2022 11:44:31 PM INFO: com.group_finity.mascot.config.BehaviorBuilder <init> Start Reading(Behavior(WalkRightAlongIEAndSit,100,WalkRightAlongIEAndSit))
Jan 15, 2022 11:44:31 PM INFO: com.group_finity.mascot.config.BehaviorBuilder <init> Behaviors have finished loading(Behavior(WalkRightAlongIEAndSit,100,WalkRightAlongIEAndSit))
Jan 15, 2022 11:44:31 PM INFO: com.group_finity.mascot.config.BehaviorBuilder <init> Start Reading(Behavior(WalkLeftAlongIEAndJump,100,WalkLeftAlongIEAndJump))
Jan 15, 2022 11:44:31 PM INFO: com.group_finity.mascot.config.BehaviorBuilder <init> Behaviors have finished loading(Behavior(WalkLeftAlongIEAndJump,100,WalkLeftAlongIEAndJump))
Jan 15, 2022 11:44:31 PM INFO: com.group_finity.mascot.config.BehaviorBuilder <init> Start Reading(Behavior(WalkRightAlongIEAndJump,100,WalkRightAlongIEAndJump))
Jan 15, 2022 11:44:31 PM INFO: com.group_finity.mascot.config.BehaviorBuilder <init> Behaviors have finished loading(Behavior(WalkRightAlongIEAndJump,100,WalkRightAlongIEAndJump))
Jan 15, 2022 11:44:31 PM INFO: com.group_finity.mascot.config.BehaviorBuilder <init> Start Reading(Behavior(HoldOntoIEWall,100,HoldOntoIEWall))
Jan 15, 2022 11:44:31 PM INFO: com.group_finity.mascot.config.BehaviorBuilder <init> Behaviors have finished loading(Behavior(HoldOntoIEWall,100,HoldOntoIEWall))
Jan 15, 2022 11:44:31 PM INFO: com.group_finity.mascot.config.BehaviorBuilder <init> Start Reading(Behavior(ClimbIEWall,100,ClimbIEWall))
Jan 15, 2022 11:44:31 PM INFO: com.group_finity.mascot.config.BehaviorBuilder <init> Behaviors have finished loading(Behavior(ClimbIEWall,100,ClimbIEWall))
Jan 15, 2022 11:44:31 PM INFO: com.group_finity.mascot.config.BehaviorBuilder <init> Start Reading(Behavior(ClimbIEBottom,100,ClimbIEBottom))
Jan 15, 2022 11:44:31 PM INFO: com.group_finity.mascot.config.BehaviorBuilder <init> Behaviors have finished loading(Behavior(ClimbIEBottom,100,ClimbIEBottom))
Jan 15, 2022 11:44:31 PM INFO: com.group_finity.mascot.config.BehaviorBuilder <init> Start Reading(Behavior(GrabIEBottomLeftWall,100,GrabIEBottomLeftWall))
Jan 15, 2022 11:44:31 PM INFO: com.group_finity.mascot.config.BehaviorBuilder <init> Behaviors have finished loading(Behavior(GrabIEBottomLeftWall,100,GrabIEBottomLeftWall))
Jan 15, 2022 11:44:31 PM INFO: com.group_finity.mascot.config.BehaviorBuilder <init> Start Reading(Behavior(GrabIEBottomRightWall,100,GrabIEBottomRightWall))
Jan 15, 2022 11:44:31 PM INFO: com.group_finity.mascot.config.BehaviorBuilder <init> Behaviors have finished loading(Behavior(GrabIEBottomRightWall,100,GrabIEBottomRightWall))
Jan 15, 2022 11:44:31 PM INFO: com.group_finity.mascot.config.BehaviorBuilder <init> Start Reading(Behavior(JumpFromLeftWall,50,JumpFromLeftWall))
Jan 15, 2022 11:44:31 PM INFO: com.group_finity.mascot.config.BehaviorBuilder <init> Behaviors have finished loading(Behavior(JumpFromLeftWall,50,JumpFromLeftWall))
Jan 15, 2022 11:44:31 PM INFO: com.group_finity.mascot.config.BehaviorBuilder <init> Start Reading(Behavior(JumpFromRightWall,50,JumpFromRightWall))
Jan 15, 2022 11:44:31 PM INFO: com.group_finity.mascot.config.BehaviorBuilder <init> Behaviors have finished loading(Behavior(JumpFromRightWall,50,JumpFromRightWall))
Jan 15, 2022 11:44:31 PM INFO: com.group_finity.mascot.config.BehaviorBuilder <init> Start Reading(Behavior(JumpOnIELeftWall,50,JumpOnIELeftWall))
Jan 15, 2022 11:44:31 PM INFO: com.group_finity.mascot.config.BehaviorBuilder <init> Behaviors have finished loading(Behavior(JumpOnIELeftWall,50,JumpOnIELeftWall))
Jan 15, 2022 11:44:31 PM INFO: com.group_finity.mascot.config.BehaviorBuilder <init> Start Reading(Behavior(JumpOnIERightWall,50,JumpOnIERightWall))
Jan 15, 2022 11:44:31 PM INFO: com.group_finity.mascot.config.BehaviorBuilder <init> Behaviors have finished loading(Behavior(JumpOnIERightWall,50,JumpOnIERightWall))
Jan 15, 2022 11:44:31 PM INFO: com.group_finity.mascot.config.BehaviorBuilder <init> Start Reading(Behavior(ThrowIEFromLeft,20,ThrowIEFromLeft))
Jan 15, 2022 11:44:31 PM INFO: com.group_finity.mascot.config.BehaviorBuilder <init> Behaviors have finished loading(Behavior(ThrowIEFromLeft,20,ThrowIEFromLeft))
Jan 15, 2022 11:44:31 PM INFO: com.group_finity.mascot.config.BehaviorBuilder <init> Start Reading(Behavior(ThrowIEFromRight,20,ThrowIEFromRight))
Jan 15, 2022 11:44:31 PM INFO: com.group_finity.mascot.config.BehaviorBuilder <init> Behaviors have finished loading(Behavior(ThrowIEFromRight,20,ThrowIEFromRight))
Jan 15, 2022 11:44:31 PM INFO: com.group_finity.mascot.config.BehaviorBuilder <init> Start Reading(Behavior(WalkAndThrowIEFromRight,20,WalkAndThrowIEFromRight))
Jan 15, 2022 11:44:31 PM INFO: com.group_finity.mascot.config.BehaviorBuilder <init> Behaviors have finished loading(Behavior(WalkAndThrowIEFromRight,20,WalkAndThrowIEFromRight))
Jan 15, 2022 11:44:31 PM INFO: com.group_finity.mascot.config.BehaviorBuilder <init> Start Reading(Behavior(WalkAndThrowIEFromLeft,20,WalkAndThrowIEFromLeft))
Jan 15, 2022 11:44:31 PM INFO: com.group_finity.mascot.config.BehaviorBuilder <init> Behaviors have finished loading(Behavior(WalkAndThrowIEFromLeft,20,WalkAndThrowIEFromLeft))
Jan 15, 2022 11:44:31 PM INFO: com.group_finity.mascot.config.Configuration load Behavior List
Jan 15, 2022 11:44:31 PM INFO: com.group_finity.mascot.Main createTrayIcon create a tray icon
Jan 15, 2022 11:44:31 PM INFO: com.group_finity.mascot.Main createMascot create a mascot
Jan 15, 2022 11:44:31 PM INFO: com.group_finity.mascot.Mascot <init> Created a mascot (mascot1)
Jan 15, 2022 11:44:32 PM INFO: com.group_finity.mascot.behavior.UserBehavior init Default Behavior(mascot1,Behavior(Fall))
